<?xml version="1.0" encoding="UTF-8"?>
<!-- Generated by org.testng.reporters.JUnitReportReporter -->
<testsuite hostname="DESKTOP-ER1VHCV" name="com.mobizio.testscript.Subscriptions" tests="1" failures="0" timestamp="3 Mar 2017 13:53:50 GMT" time="24.321" errors="0">
  <testcase name="subscription" time="24.321" classname="com.mobizio.testscript.Subscriptions"/>
</testsuite> <!-- com.mobizio.testscript.Subscriptions -->
