<?xml version="1.0" encoding="UTF-8"?>
<!-- Generated by org.testng.reporters.JUnitReportReporter -->
<testsuite hostname="DESKTOP-ER1VHCV" name="com.mobizio.testscript.CreateCaseFields" tests="1" failures="0" timestamp="6 Mar 2017 13:45:44 GMT" time="10.832" errors="0">
  <testcase name="createNewCaseFields" time="10.832" classname="com.mobizio.testscript.CreateCaseFields"/>
</testsuite> <!-- com.mobizio.testscript.CreateCaseFields -->
