<?xml version="1.0" encoding="UTF-8"?>
<!-- Generated by org.testng.reporters.JUnitReportReporter -->
<testsuite hostname="DESKTOP-ER1VHCV" name="com.mobizio.testscript.CreateNewTaskType" tests="1" failures="0" timestamp="3 Mar 2017 06:58:54 GMT" time="12.800" errors="0">
  <testcase name="createNewTaskType" time="12.800" classname="com.mobizio.testscript.CreateNewTaskType"/>
</testsuite> <!-- com.mobizio.testscript.CreateNewTaskType -->
