<?xml version="1.0" encoding="UTF-8"?>
<!-- Generated by org.testng.reporters.JUnitReportReporter -->
<testsuite hostname="DESKTOP-ER1VHCV" name="com.mobizio.testscript.CreateNewCustomerWithMandatoryDetails" tests="1" failures="0" timestamp="1 Mar 2017 10:35:09 GMT" time="26.293" errors="0">
  <testcase name="createNewCustomerWithMandatoryDetails" time="26.293" classname="com.mobizio.testscript.CreateNewCustomerWithMandatoryDetails"/>
</testsuite> <!-- com.mobizio.testscript.CreateNewCustomerWithMandatoryDetails -->
