<?xml version="1.0" encoding="UTF-8"?>
<!-- Generated by org.testng.reporters.JUnitReportReporter -->
<testsuite hostname="prashant" name="com.mobizio.testscript.CreateNewCustomerWithAllDetails" tests="1" failures="0" timestamp="4 May 2017 07:46:46 GMT" time="31.841" errors="0">
  <testcase name="createNewCustomerWithAllDetails" time="31.841" classname="com.mobizio.testscript.CreateNewCustomerWithAllDetails"/>
</testsuite> <!-- com.mobizio.testscript.CreateNewCustomerWithAllDetails -->
