<?xml version="1.0" encoding="UTF-8"?>
<!-- Generated by org.testng.reporters.JUnitReportReporter -->
<testsuite hostname="DESKTOP-ER1VHCV" name="com.mobizio.testscript.CreateBranchWithAllDetails" tests="1" failures="0" timestamp="1 Mar 2017 10:35:09 GMT" time="28.497" errors="0">
  <testcase name="createNewBranchWithAllDetails" time="28.497" classname="com.mobizio.testscript.CreateBranchWithAllDetails"/>
</testsuite> <!-- com.mobizio.testscript.CreateBranchWithAllDetails -->
