<?xml version="1.0" encoding="UTF-8"?>
<!-- Generated by org.testng.reporters.JUnitReportReporter -->
<testsuite hostname="DESKTOP-ER1VHCV" name="com.mobizio.testscript.CreateNewSection" tests="1" failures="0" timestamp="3 Mar 2017 12:20:48 GMT" time="14.748" errors="0">
  <testcase name="createNewSection" time="14.748" classname="com.mobizio.testscript.CreateNewSection"/>
</testsuite> <!-- com.mobizio.testscript.CreateNewSection -->
