<?xml version="1.0" encoding="UTF-8"?>
<!-- Generated by org.testng.reporters.JUnitReportReporter -->
<testsuite hostname="DESKTOP-ER1VHCV" name="com.mobizio.testscript.CreateNewUserWithMandatoryDetails" tests="1" failures="0" timestamp="1 Mar 2017 10:35:09 GMT" time="36.898" errors="0">
  <testcase name="createNewUserWithMandatoryDetails" time="36.898" classname="com.mobizio.testscript.CreateNewUserWithMandatoryDetails"/>
</testsuite> <!-- com.mobizio.testscript.CreateNewUserWithMandatoryDetails -->
