<?xml version="1.0" encoding="UTF-8"?>
<!-- Generated by org.testng.reporters.JUnitReportReporter -->
<testsuite hostname="DESKTOP-ER1VHCV" name="com.mobizio.testscript.CreateNewGroup" tests="1" failures="0" timestamp="1 Mar 2017 10:56:54 GMT" time="21.890" errors="0">
  <testcase name="createNewGroup" time="21.890" classname="com.mobizio.testscript.CreateNewGroup"/>
</testsuite> <!-- com.mobizio.testscript.CreateNewGroup -->
